# JRE version: Java(TM) SE Runtime Environment (8.0_111-b14) (build 1.8.0_111-b14)
# Java VM: Java HotSpot(TM) 64-Bit Server VM (25.111-b14 mixed mode bsd-amd64 compressed oops)
Heap:
 PSYoungGen      total 231936K, used 41539K [0x0000000795580000, 0x00000007a6a80000, 0x00000007c0000000)
  eden space 223232K, 14% used [0x0000000795580000,0x00000007975949b0,0x00000007a2f80000)
  from space 8704K, 99% used [0x00000007a6200000,0x00000007a6a7c4d0,0x00000007a6a80000)
  to   space 10752K, 0% used [0x00000007a5580000,0x00000007a5580000,0x00000007a6000000)
 ParOldGen       total 54784K, used 9418K [0x0000000740000000, 0x0000000743580000, 0x0000000795580000)
  object space 54784K, 17% used [0x0000000740000000,0x0000000740932998,0x0000000743580000)
 Metaspace       used 24739K, capacity 25906K, committed 26240K, reserved 1071104K
  class space    used 3371K, capacity 3620K, committed 3712K, reserved 1048576K
GC Heap History (10 events):
Event: 3.182 GC heap before
{Heap before GC invocations=5 (full 0):
 PSYoungGen      total 71680K, used 71569K [0x0000000795580000, 0x000000079a080000, 0x00000007c0000000)
  eden space 66560K, 99% used [0x0000000795580000,0x0000000799669bf8,0x0000000799680000)
  from space 5120K, 99% used [0x0000000799b80000,0x000000079a07ab20,0x000000079a080000)
  to   space 5120K, 0% used [0x0000000799680000,0x0000000799680000,0x0000000799b80000)
 ParOldGen       total 87552K, used 3281K [0x0000000740000000, 0x0000000745580000, 0x0000000795580000)
  object space 87552K, 3% used [0x0000000740000000,0x00000007403345b0,0x0000000745580000)
 Metaspace       used 20174K, capacity 20928K, committed 21120K, reserved 1067008K
  class space    used 2717K, capacity 2914K, committed 2944K, reserved 1048576K
Event: 3.196 GC heap after
Heap after GC invocations=5 (full 0):
 PSYoungGen      total 71680K, used 5119K [0x0000000795580000, 0x000000079e780000, 0x00000007c0000000)
  eden space 66560K, 0% used [0x0000000795580000,0x0000000795580000,0x0000000799680000)
  from space 5120K, 99% used [0x0000000799680000,0x0000000799b7fe88,0x0000000799b80000)
  to   space 8192K, 0% used [0x000000079df80000,0x000000079df80000,0x000000079e780000)
 ParOldGen       total 87552K, used 3321K [0x0000000740000000, 0x0000000745580000, 0x0000000795580000)
  object space 87552K, 3% used [0x0000000740000000,0x000000074033e5b0,0x0000000745580000)
 Metaspace       used 20174K, capacity 20928K, committed 21120K, reserved 1067008K
  class space    used 2717K, capacity 2914K, committed 2944K, reserved 1048576K
}
Event: 3.250 GC heap before
{Heap before GC invocations=6 (full 0):
 PSYoungGen      total 71680K, used 71636K [0x0000000795580000, 0x000000079e780000, 0x00000007c0000000)
  eden space 66560K, 99% used [0x0000000795580000,0x0000000799675300,0x0000000799680000)
  from space 5120K, 99% used [0x0000000799680000,0x0000000799b7fe88,0x0000000799b80000)
  to   space 8192K, 0% used [0x000000079df80000,0x000000079df80000,0x000000079e780000)
 ParOldGen       total 87552K, used 3321K [0x0000000740000000, 0x0000000745580000, 0x0000000795580000)
  object space 87552K, 3% used [0x0000000740000000,0x000000074033e5b0,0x0000000745580000)
 Metaspace       used 20202K, capacity 20930K, committed 21120K, reserved 1067008K
  class space    used 2722K, capacity 2915K, committed 2944K, reserved 1048576K
Event: 3.258 GC heap after
Heap after GC invocations=6 (full 0):
 PSYoungGen      total 141312K, used 5228K [0x0000000795580000, 0x000000079e780000, 0x00000007c0000000)
  eden space 133120K, 0% used [0x0000000795580000,0x0000000795580000,0x000000079d780000)
  from space 8192K, 63% used [0x000000079df80000,0x000000079e49b0b0,0x000000079e780000)
  to   space 8192K, 0% used [0x000000079d780000,0x000000079d780000,0x000000079df80000)
 ParOldGen       total 87552K, used 3329K [0x0000000740000000, 0x0000000745580000, 0x0000000795580000)
  object space 87552K, 3% used [0x0000000740000000,0x00000007403405b0,0x0000000745580000)
 Metaspace       used 20202K, capacity 20930K, committed 21120K, reserved 1067008K
  class space    used 2722K, capacity 2915K, committed 2944K, reserved 1048576K
}
Event: 3.530 GC heap before
{Heap before GC invocations=7 (full 0):
 PSYoungGen      total 141312K, used 61128K [0x0000000795580000, 0x000000079e780000, 0x00000007c0000000)
  eden space 133120K, 41% used [0x0000000795580000,0x0000000798c17040,0x000000079d780000)
  from space 8192K, 63% used [0x000000079df80000,0x000000079e49b0b0,0x000000079e780000)
  to   space 8192K, 0% used [0x000000079d780000,0x000000079d780000,0x000000079df80000)
 ParOldGen       total 87552K, used 3329K [0x0000000740000000, 0x0000000745580000, 0x0000000795580000)
  object space 87552K, 3% used [0x0000000740000000,0x00000007403405b0,0x0000000745580000)
 Metaspace       used 20400K, capacity 21122K, committed 21296K, reserved 1067008K
  class space    used 2744K, capacity 2915K, committed 2944K, reserved 1048576K
Event: 3.541 GC heap after
Heap after GC invocations=7 (full 0):
 PSYoungGen      total 141312K, used 734K [0x0000000795580000, 0x00000007a6a80000, 0x00000007c0000000)
  eden space 133120K, 0% used [0x0000000795580000,0x0000000795580000,0x000000079d780000)
  from space 8192K, 8% used [0x000000079d780000,0x000000079d837978,0x000000079df80000)
  to   space 8704K, 0% used [0x00000007a6200000,0x00000007a6200000,0x00000007a6a80000)
 ParOldGen       total 87552K, used 8245K [0x0000000740000000, 0x0000000745580000, 0x0000000795580000)
  object space 87552K, 9% used [0x0000000740000000,0x000000074080d7a8,0x0000000745580000)
 Metaspace       used 20400K, capacity 21122K, committed 21296K, reserved 1067008K
  class space    used 2744K, capacity 2915K, committed 2944K, reserved 1048576K
}
Event: 3.541 GC heap before
{Heap before GC invocations=8 (full 1):
 PSYoungGen      total 141312K, used 734K [0x0000000795580000, 0x00000007a6a80000, 0x00000007c0000000)
  eden space 133120K, 0% used [0x0000000795580000,0x0000000795580000,0x000000079d780000)
  from space 8192K, 8% used [0x000000079d780000,0x000000079d837978,0x000000079df80000)
  to   space 8704K, 0% used [0x00000007a6200000,0x00000007a6200000,0x00000007a6a80000)
 ParOldGen       total 87552K, used 8245K [0x0000000740000000, 0x0000000745580000, 0x0000000795580000)
  object space 87552K, 9% used [0x0000000740000000,0x000000074080d7a8,0x0000000745580000)
 Metaspace       used 20400K, capacity 21122K, committed 21296K, reserved 1067008K
  class space    used 2744K, capacity 2915K, committed 2944K, reserved 1048576K
Event: 3.714 GC heap after
Heap after GC invocations=8 (full 1):
 PSYoungGen      total 141312K, used 0K [0x0000000795580000, 0x00000007a6a80000, 0x00000007c0000000)
  eden space 133120K, 0% used [0x0000000795580000,0x0000000795580000,0x000000079d780000)
  from space 8192K, 0% used [0x000000079d780000,0x000000079d780000,0x000000079df80000)
  to   space 8704K, 0% used [0x00000007a6200000,0x00000007a6200000,0x00000007a6a80000)
 ParOldGen       total 54784K, used 7386K [0x0000000740000000, 0x0000000743580000, 0x0000000795580000)
  object space 54784K, 13% used [0x0000000740000000,0x0000000740736848,0x0000000743580000)
 Metaspace       used 20400K, capacity 21122K, committed 21296K, reserved 1067008K
  class space    used 2744K, capacity 2915K, committed 2944K, reserved 1048576K
}
Event: 11.444 GC heap before
{Heap before GC invocations=9 (full 1):
 PSYoungGen      total 141312K, used 131095K [0x0000000795580000, 0x00000007a6a80000, 0x00000007c0000000)
  eden space 133120K, 98% used [0x0000000795580000,0x000000079d585d28,0x000000079d780000)
  from space 8192K, 0% used [0x000000079d780000,0x000000079d780000,0x000000079df80000)
  to   space 8704K, 0% used [0x00000007a6200000,0x00000007a6200000,0x00000007a6a80000)
 ParOldGen       total 54784K, used 7386K [0x0000000740000000, 0x0000000743580000, 0x0000000795580000)
  object space 54784K, 13% used [0x0000000740000000,0x0000000740736848,0x0000000743580000)
 Metaspace       used 24636K, capacity 25812K, committed 25984K, reserved 1071104K
  class space    used 3368K, capacity 3615K, committed 3712K, reserved 1048576K
Event: 11.453 GC heap after
Heap after GC invocations=9 (full 1):
 PSYoungGen      total 231936K, used 8689K [0x0000000795580000, 0x00000007a6a80000, 0x00000007c0000000)
  eden space 223232K, 0% used [0x0000000795580000,0x0000000795580000,0x00000007a2f80000)
  from space 8704K, 99% used [0x00000007a6200000,0x00000007a6a7c4d0,0x00000007a6a80000)
  to   space 10752K, 0% used [0x00000007a5580000,0x00000007a5580000,0x00000007a6000000)
 ParOldGen       total 54784K, used 9418K [0x0000000740000000, 0x0000000743580000, 0x0000000795580000)
  object space 54784K, 17% used [0x0000000740000000,0x0000000740932998,0x0000000743580000)
 Metaspace       used 24636K, capacity 25812K, committed 25984K, reserved 1071104K
  class space    used 3368K, capacity 3615K, committed 3712K, reserved 1048576K
}

