# JRE version: Java(TM) SE Runtime Environment (8.0_111-b14) (build 1.8.0_111-b14)
# Java VM: Java HotSpot(TM) 64-Bit Server VM (25.111-b14 mixed mode windows-amd64 compressed oops)
Heap:
 PSYoungGen      total 269312K, used 57128K [0x00000000d5d00000, 0x00000000e7600000, 0x0000000100000000)
  eden space 260096K, 18% used [0x00000000d5d00000,0x00000000d8bcb5b8,0x00000000e5b00000)
  from space 9216K, 99% used [0x00000000e6a00000,0x00000000e72fec18,0x00000000e7300000)
  to   space 13824K, 0% used [0x00000000e5b00000,0x00000000e5b00000,0x00000000e6880000)
 ParOldGen       total 55296K, used 21129K [0x0000000081600000, 0x0000000084c00000, 0x00000000d5d00000)
  object space 55296K, 38% used [0x0000000081600000,0x0000000082aa25f8,0x0000000084c00000)
 Metaspace       used 24466K, capacity 25528K, committed 25600K, reserved 1071104K
  class space    used 3037K, capacity 3274K, committed 3328K, reserved 1048576K
GC Heap History (10 events):
Event: 3.000 GC heap before
{Heap before GC invocations=5 (full 0):
 PSYoungGen      total 71680K, used 71587K [0x00000000d5d00000, 0x00000000da800000, 0x0000000100000000)
  eden space 66560K, 99% used [0x00000000d5d00000,0x00000000d9dede68,0x00000000d9e00000)
  from space 5120K, 99% used [0x00000000da300000,0x00000000da7fb0d8,0x00000000da800000)
  to   space 5120K, 0% used [0x00000000d9e00000,0x00000000d9e00000,0x00000000da300000)
 ParOldGen       total 87552K, used 5518K [0x0000000081600000, 0x0000000086b80000, 0x00000000d5d00000)
  object space 87552K, 6% used [0x0000000081600000,0x0000000081b63978,0x0000000086b80000)
 Metaspace       used 18028K, capacity 18890K, committed 19200K, reserved 1064960K
  class space    used 2521K, capacity 2711K, committed 2816K, reserved 1048576K
Event: 3.006 GC heap after
Heap after GC invocations=5 (full 0):
 PSYoungGen      total 71680K, used 5118K [0x00000000d5d00000, 0x00000000df300000, 0x0000000100000000)
  eden space 66560K, 0% used [0x00000000d5d00000,0x00000000d5d00000,0x00000000d9e00000)
  from space 5120K, 99% used [0x00000000d9e00000,0x00000000da2ff990,0x00000000da300000)
  to   space 10240K, 0% used [0x00000000de900000,0x00000000de900000,0x00000000df300000)
 ParOldGen       total 87552K, used 5518K [0x0000000081600000, 0x0000000086b80000, 0x00000000d5d00000)
  object space 87552K, 6% used [0x0000000081600000,0x0000000081b63978,0x0000000086b80000)
 Metaspace       used 18028K, capacity 18890K, committed 19200K, reserved 1064960K
  class space    used 2521K, capacity 2711K, committed 2816K, reserved 1048576K
}
Event: 3.024 GC heap before
{Heap before GC invocations=6 (full 0):
 PSYoungGen      total 71680K, used 71647K [0x00000000d5d00000, 0x00000000df300000, 0x0000000100000000)
  eden space 66560K, 99% used [0x00000000d5d00000,0x00000000d9df8598,0x00000000d9e00000)
  from space 5120K, 99% used [0x00000000d9e00000,0x00000000da2ff990,0x00000000da300000)
  to   space 10240K, 0% used [0x00000000de900000,0x00000000de900000,0x00000000df300000)
 ParOldGen       total 87552K, used 5518K [0x0000000081600000, 0x0000000086b80000, 0x00000000d5d00000)
  object space 87552K, 6% used [0x0000000081600000,0x0000000081b63978,0x0000000086b80000)
 Metaspace       used 18034K, capacity 18890K, committed 19200K, reserved 1064960K
  class space    used 2521K, capacity 2711K, committed 2816K, reserved 1048576K
Event: 3.032 GC heap after
Heap after GC invocations=6 (full 0):
 PSYoungGen      total 142336K, used 5149K [0x00000000d5d00000, 0x00000000df200000, 0x0000000100000000)
  eden space 133120K, 0% used [0x00000000d5d00000,0x00000000d5d00000,0x00000000ddf00000)
  from space 9216K, 55% used [0x00000000de900000,0x00000000dee07410,0x00000000df200000)
  to   space 9728K, 0% used [0x00000000ddf00000,0x00000000ddf00000,0x00000000de880000)
 ParOldGen       total 87552K, used 5518K [0x0000000081600000, 0x0000000086b80000, 0x00000000d5d00000)
  object space 87552K, 6% used [0x0000000081600000,0x0000000081b63978,0x0000000086b80000)
 Metaspace       used 18034K, capacity 18890K, committed 19200K, reserved 1064960K
  class space    used 2521K, capacity 2711K, committed 2816K, reserved 1048576K
}
Event: 9.962 GC heap before
{Heap before GC invocations=7 (full 0):
 PSYoungGen      total 142336K, used 115737K [0x00000000d5d00000, 0x00000000df200000, 0x0000000100000000)
  eden space 133120K, 83% used [0x00000000d5d00000,0x00000000dc8ff130,0x00000000ddf00000)
  from space 9216K, 55% used [0x00000000de900000,0x00000000dee07410,0x00000000df200000)
  to   space 9728K, 0% used [0x00000000ddf00000,0x00000000ddf00000,0x00000000de880000)
 ParOldGen       total 87552K, used 5518K [0x0000000081600000, 0x0000000086b80000, 0x00000000d5d00000)
  object space 87552K, 6% used [0x0000000081600000,0x0000000081b63978,0x0000000086b80000)
 Metaspace       used 20318K, capacity 21188K, committed 21296K, reserved 1067008K
  class space    used 2655K, capacity 2864K, committed 2944K, reserved 1048576K
Event: 9.977 GC heap after
Heap after GC invocations=7 (full 0):
 PSYoungGen      total 142848K, used 5684K [0x00000000d5d00000, 0x00000000e7300000, 0x0000000100000000)
  eden space 133120K, 0% used [0x00000000d5d00000,0x00000000d5d00000,0x00000000ddf00000)
  from space 9728K, 58% used [0x00000000ddf00000,0x00000000de48d290,0x00000000de880000)
  to   space 9216K, 0% used [0x00000000e6a00000,0x00000000e6a00000,0x00000000e7300000)
 ParOldGen       total 87552K, used 10264K [0x0000000081600000, 0x0000000086b80000, 0x00000000d5d00000)
  object space 87552K, 11% used [0x0000000081600000,0x0000000082006098,0x0000000086b80000)
 Metaspace       used 20318K, capacity 21188K, committed 21296K, reserved 1067008K
  class space    used 2655K, capacity 2864K, committed 2944K, reserved 1048576K
}
Event: 9.977 GC heap before
{Heap before GC invocations=8 (full 1):
 PSYoungGen      total 142848K, used 5684K [0x00000000d5d00000, 0x00000000e7300000, 0x0000000100000000)
  eden space 133120K, 0% used [0x00000000d5d00000,0x00000000d5d00000,0x00000000ddf00000)
  from space 9728K, 58% used [0x00000000ddf00000,0x00000000de48d290,0x00000000de880000)
  to   space 9216K, 0% used [0x00000000e6a00000,0x00000000e6a00000,0x00000000e7300000)
 ParOldGen       total 87552K, used 10264K [0x0000000081600000, 0x0000000086b80000, 0x00000000d5d00000)
  object space 87552K, 11% used [0x0000000081600000,0x0000000082006098,0x0000000086b80000)
 Metaspace       used 20318K, capacity 21188K, committed 21296K, reserved 1067008K
  class space    used 2655K, capacity 2864K, committed 2944K, reserved 1048576K
Event: 10.032 GC heap after
Heap after GC invocations=8 (full 1):
 PSYoungGen      total 142848K, used 0K [0x00000000d5d00000, 0x00000000e7300000, 0x0000000100000000)
  eden space 133120K, 0% used [0x00000000d5d00000,0x00000000d5d00000,0x00000000ddf00000)
  from space 9728K, 0% used [0x00000000ddf00000,0x00000000ddf00000,0x00000000de880000)
  to   space 9216K, 0% used [0x00000000e6a00000,0x00000000e6a00000,0x00000000e7300000)
 ParOldGen       total 55296K, used 13702K [0x0000000081600000, 0x0000000084c00000, 0x00000000d5d00000)
  object space 55296K, 24% used [0x0000000081600000,0x0000000082361920,0x0000000084c00000)
 Metaspace       used 20318K, capacity 21188K, committed 21296K, reserved 1067008K
  class space    used 2655K, capacity 2864K, committed 2944K, reserved 1048576K
}
Event: 19.169 GC heap before
{Heap before GC invocations=9 (full 1):
 PSYoungGen      total 142848K, used 129343K [0x00000000d5d00000, 0x00000000e7300000, 0x0000000100000000)
  eden space 133120K, 97% used [0x00000000d5d00000,0x00000000ddb4fdb0,0x00000000ddf00000)
  from space 9728K, 0% used [0x00000000ddf00000,0x00000000ddf00000,0x00000000de880000)
  to   space 9216K, 0% used [0x00000000e6a00000,0x00000000e6a00000,0x00000000e7300000)
 ParOldGen       total 55296K, used 13702K [0x0000000081600000, 0x0000000084c00000, 0x00000000d5d00000)
  object space 55296K, 24% used [0x0000000081600000,0x0000000082361920,0x0000000084c00000)
 Metaspace       used 24398K, capacity 25394K, committed 25600K, reserved 1071104K
  class space    used 3034K, capacity 3273K, committed 3328K, reserved 1048576K
Event: 19.179 GC heap after
Heap after GC invocations=9 (full 1):
 PSYoungGen      total 269312K, used 9211K [0x00000000d5d00000, 0x00000000e7600000, 0x0000000100000000)
  eden space 260096K, 0% used [0x00000000d5d00000,0x00000000d5d00000,0x00000000e5b00000)
  from space 9216K, 99% used [0x00000000e6a00000,0x00000000e72fec18,0x00000000e7300000)
  to   space 13824K, 0% used [0x00000000e5b00000,0x00000000e5b00000,0x00000000e6880000)
 ParOldGen       total 55296K, used 21129K [0x0000000081600000, 0x0000000084c00000, 0x00000000d5d00000)
  object space 55296K, 38% used [0x0000000081600000,0x0000000082aa25f8,0x0000000084c00000)
 Metaspace       used 24398K, capacity 25394K, committed 25600K, reserved 1071104K
  class space    used 3034K, capacity 3273K, committed 3328K, reserved 1048576K
}

